mail
mail2
www
blog
localhost
m
ftp
mobile
smtp
search
api
dev
secure
webmail
admin
img
news
sms
test
video
www2
media
static
ads
mail2
beta
wap
dns2
support
pop
my
origin-www
help
newsletter
upload
mail3
blogs
download
dns1
www3
shop
forum
chat
www1
image
app
tv
dns
services
music
images
game
pay
new
host
www4
service
ad
monitor
web2
wiki
mx1
sports
lists
m1
games
db
m2
business
dns3
ws
counter
travel
photo
gateway
members
c
g
mail4
crm
tools
backup
mail1
apps
t
email
img3
cms
demo
local
i
s
community
connect
cdn
w12
iphone
cacti
w11
www.mail
auth
rss
nagios
www.search
home
data
img2
live
files
www5
login
stat
sso
member
jira
w4
img5
ipad
web1
shopping
core
soccer
jp
labs
old
ntp
mysql
it
origin
content
feedback
health
exchange
puppet
mx
corp
job
a
img9
mediakit
gourmet
dir
reports
pr
marketing
diet
crawl
redmine
mon
wallet
cache
mac
editor
ftp2
info
kids
imap
svn
reklam
point
transit
dev
partners
hosting
img1
ads
news
img4
img6
img7
w2
api
auto
adv
feed
sms
img8
w5
partner
cs
cm
w3
whm
w18
w6
w8
origin-images
forums
xml
meet
album
vote
bit
event
us
www6
bitex
av
payment
money
group
mx2
a1
h2
mobile
daily
videos
downloads
pl
gps
enews
pg
map
autodiscover
education
sandbox
autos
ticket
sip
jobs
gitlab
stats
pda
survey
love
press
backend
widgets